<?xml version="1.0" encoding="UTF-8"?>
<!-- Generated by org.testng.reporters.JUnitXMLReporter -->
<testsuite ignored="0" hostname="TYSS-Nuthan" failures="1" tests="3" name="Test" time="32.815" errors="0" timestamp="2024-01-24T10:17:04 IST">
  <testcase classname="TestScripts.DigitialDownlaodsPOM" name="DigitalDown" time="20.048"/>
  <testcase classname="TestScripts.BooksVerification" name="BooksVerify" time="8.039"/>
  <testcase classname="TestScripts.LoginScript" name="LoginSteps" time="0.509">
    <failure type="org.testng.internal.reflect.MethodMatcherException" message="
[public void TestScripts.LoginScript.LoginSteps(java.lang.String,java.lang.String,java.lang.String) throws java.io.IOException,java.lang.InterruptedException] has no parameters defined but was found to be using a data provider (either explicitly specified or inherited from class level annotation).
Data provider mismatch
Method: LoginSteps([java.lang.String arg0, java.lang.String arg1, java.lang.String arg2])
Arguments: [(java.lang.String) penga,(java.lang.String) gowda,(java.lang.String) peng@123,(java.lang.String) peng@123,(java.lang.String) peng@123.gmail.com]">
      <![CDATA[org.testng.internal.reflect.MethodMatcherException: 
[public void TestScripts.LoginScript.LoginSteps(java.lang.String,java.lang.String,java.lang.String) throws java.io.IOException,java.lang.InterruptedException] has no parameters defined but was found to be using a data provider (either explicitly specified or inherited from class level annotation).
Data provider mismatch
Method: LoginSteps([java.lang.String arg0, java.lang.String arg1, java.lang.String arg2])
Arguments: [(java.lang.String) penga,(java.lang.String) gowda,(java.lang.String) peng@123,(java.lang.String) peng@123,(java.lang.String) peng@123.gmail.com]
at java.base/java.util.ArrayList.forEach(ArrayList.java:1511)
... Removed 22 stack frames]]>
    </failure>
  </testcase> <!-- LoginSteps -->
</testsuite> <!-- Test -->
